<?xml version="1.0" encoding="UTF-8"?>
<testsuite name="com.choe.board.BoardApplicationTests" tests="1" skipped="0" failures="0" errors="0" timestamp="2025-12-24T09:28:22" hostname="10.nate.com" time="0.192">
  <properties/>
  <testcase name="contextLoads()" classname="com.choe.board.BoardApplicationTests" time="0.192"/>
  <system-out><![CDATA[18:28:20.964 [Test worker] DEBUG org.springframework.test.context.BootstrapUtils - Instantiating CacheAwareContextLoaderDelegate from class [org.springframework.test.context.cache.DefaultCacheAwareContextLoaderDelegate]
18:28:20.970 [Test worker] DEBUG org.springframework.test.context.BootstrapUtils - Instantiating BootstrapContext using constructor [public org.springframework.test.context.support.DefaultBootstrapContext(java.lang.Class,org.springframework.test.context.CacheAwareContextLoaderDelegate)]
18:28:20.988 [Test worker] DEBUG org.springframework.test.context.BootstrapUtils - Instantiating TestContextBootstrapper for test class [com.choe.board.BoardApplicationTests] from class [org.springframework.boot.test.context.SpringBootTestContextBootstrapper]
18:28:20.993 [Test worker] INFO org.springframework.boot.test.context.SpringBootTestContextBootstrapper - Neither @ContextConfiguration nor @ContextHierarchy found for test class [com.choe.board.BoardApplicationTests], using SpringBootContextLoader
18:28:20.995 [Test worker] DEBUG org.springframework.test.context.support.AbstractContextLoader - Did not detect default resource location for test class [com.choe.board.BoardApplicationTests]: class path resource [com/choe/board/BoardApplicationTests-context.xml] does not exist
18:28:20.995 [Test worker] DEBUG org.springframework.test.context.support.AbstractContextLoader - Did not detect default resource location for test class [com.choe.board.BoardApplicationTests]: class path resource [com/choe/board/BoardApplicationTestsContext.groovy] does not exist
18:28:20.996 [Test worker] INFO org.springframework.test.context.support.AbstractContextLoader - Could not detect default resource locations for test class [com.choe.board.BoardApplicationTests]: no resource found for suffixes {-context.xml, Context.groovy}.
18:28:20.996 [Test worker] INFO org.springframework.test.context.support.AnnotationConfigContextLoaderUtils - Could not detect default configuration classes for test class [com.choe.board.BoardApplicationTests]: BoardApplicationTests does not declare any static, non-private, non-final, nested classes annotated with @Configuration.
18:28:21.017 [Test worker] DEBUG org.springframework.test.context.support.ActiveProfilesUtils - Could not find an 'annotation declaring class' for annotation type [org.springframework.test.context.ActiveProfiles] and class [com.choe.board.BoardApplicationTests]
18:28:21.045 [Test worker] DEBUG org.springframework.context.annotation.ClassPathScanningCandidateComponentProvider - Identified candidate component class: file [/Users/ianchoefroggggy/Documents/GitHub/board/build/classes/java/main/com/choe/board/BoardApplication.class]
18:28:21.052 [Test worker] INFO org.springframework.boot.test.context.SpringBootTestContextBootstrapper - Found @SpringBootConfiguration com.choe.board.BoardApplication for test class com.choe.board.BoardApplicationTests
18:28:21.090 [Test worker] DEBUG org.springframework.boot.test.context.SpringBootTestContextBootstrapper - @TestExecutionListeners is not present for class [com.choe.board.BoardApplicationTests]: using defaults.
18:28:21.090 [Test worker] INFO org.springframework.boot.test.context.SpringBootTestContextBootstrapper - Loaded default TestExecutionListener class names from location [META-INF/spring.factories]: [org.springframework.boot.test.autoconfigure.restdocs.RestDocsTestExecutionListener, org.springframework.boot.test.autoconfigure.web.client.MockRestServiceServerResetTestExecutionListener, org.springframework.boot.test.autoconfigure.web.servlet.MockMvcPrintOnlyOnFailureTestExecutionListener, org.springframework.boot.test.autoconfigure.web.servlet.WebDriverTestExecutionListener, org.springframework.boot.test.autoconfigure.webservices.client.MockWebServiceServerTestExecutionListener, org.springframework.boot.test.mock.mockito.MockitoTestExecutionListener, org.springframework.boot.test.mock.mockito.ResetMocksTestExecutionListener, org.springframework.test.context.web.ServletTestExecutionListener, org.springframework.test.context.support.DirtiesContextBeforeModesTestExecutionListener, org.springframework.test.context.event.ApplicationEventsTestExecutionListener, org.springframework.test.context.support.DependencyInjectionTestExecutionListener, org.springframework.test.context.support.DirtiesContextTestExecutionListener, org.springframework.test.context.transaction.TransactionalTestExecutionListener, org.springframework.test.context.jdbc.SqlScriptsTestExecutionListener, org.springframework.test.context.event.EventPublishingTestExecutionListener]
18:28:21.097 [Test worker] INFO org.springframework.boot.test.context.SpringBootTestContextBootstrapper - Using TestExecutionListeners: [org.springframework.test.context.web.ServletTestExecutionListener@3dddefd8, org.springframework.test.context.support.DirtiesContextBeforeModesTestExecutionListener@160ac7fb, org.springframework.test.context.event.ApplicationEventsTestExecutionListener@12bfd80d, org.springframework.boot.test.mock.mockito.MockitoTestExecutionListener@41925502, org.springframework.boot.test.autoconfigure.SpringBootDependencyInjectionTestExecutionListener@13e3c1c7, org.springframework.test.context.support.DirtiesContextTestExecutionListener@5316e95f, org.springframework.test.context.transaction.TransactionalTestExecutionListener@3f053c80, org.springframework.test.context.jdbc.SqlScriptsTestExecutionListener@6c6c5427, org.springframework.test.context.event.EventPublishingTestExecutionListener@618c5d94, org.springframework.boot.test.autoconfigure.restdocs.RestDocsTestExecutionListener@5b40ceb, org.springframework.boot.test.autoconfigure.web.client.MockRestServiceServerResetTestExecutionListener@13c3c1e1, org.springframework.boot.test.autoconfigure.web.servlet.MockMvcPrintOnlyOnFailureTestExecutionListener@1d8062d2, org.springframework.boot.test.autoconfigure.web.servlet.WebDriverTestExecutionListener@1e63ec0b, org.springframework.boot.test.autoconfigure.webservices.client.MockWebServiceServerTestExecutionListener@3b956878, org.springframework.boot.test.mock.mockito.ResetMocksTestExecutionListener@36546a22]
18:28:21.099 [Test worker] DEBUG org.springframework.test.context.support.AbstractDirtiesContextTestExecutionListener - Before test class: context [DefaultTestContext@654d8173 testClass = BoardApplicationTests, testInstance = [null], testMethod = [null], testException = [null], mergedContextConfiguration = [WebMergedContextConfiguration@56c9bbd8 testClass = BoardApplicationTests, locations = '{}', classes = '{class com.choe.board.BoardApplication}', contextInitializerClasses = '[]', activeProfiles = '{}', propertySourceLocations = '{}', propertySourceProperties = '{org.springframework.boot.test.context.SpringBootTestContextBootstrapper=true}', contextCustomizers = set[org.springframework.boot.test.autoconfigure.actuate.metrics.MetricsExportContextCustomizerFactory$DisableMetricExportContextCustomizer@38604b81, org.springframework.boot.test.autoconfigure.properties.PropertyMappingContextCustomizer@0, org.springframework.boot.test.autoconfigure.web.servlet.WebDriverContextCustomizerFactory$Customizer@1583741e, org.springframework.boot.test.context.filter.ExcludeFilterContextCustomizer@2e48362c, org.springframework.boot.test.json.DuplicateJsonObjectContextCustomizerFactory$DuplicateJsonObjectContextCustomizer@7e5c856f, org.springframework.boot.test.mock.mockito.MockitoContextCustomizer@0, org.springframework.boot.test.web.client.TestRestTemplateContextCustomizer@3f91b517, org.springframework.boot.test.context.SpringBootTestArgs@1, org.springframework.boot.test.context.SpringBootTestWebEnvironment@561b6512], resourceBasePath = 'src/main/webapp', contextLoader = 'org.springframework.boot.test.context.SpringBootContextLoader', parent = [null]], attributes = map['org.springframework.test.context.web.ServletTestExecutionListener.activateListener' -> true]], class annotated with @DirtiesContext [false] with mode [null].

  .   ____          _            __ _ _
 /\\ / ___'_ __ _ _(_)_ __  __ _ \ \ \ \
( ( )\___ | '_ | '_| | '_ \/ _` | \ \ \ \
 \\/  ___)| |_)| | | | | || (_| |  ) ) ) )
  '  |____| .__|_| |_|_| |_\__, | / / / /
 =========|_|==============|___/=/_/_/_/
 :: Spring Boot ::               (v2.7.12)

2025-12-24 18:28:21.441  INFO 75516 --- [    Test worker] com.choe.board.BoardApplicationTests     : Starting BoardApplicationTests using Java 17.0.11 on 10.nate.com with PID 75516 (started by ianchoefroggggy in /Users/ianchoefroggggy/Documents/GitHub/board)
2025-12-24 18:28:21.441  INFO 75516 --- [    Test worker] com.choe.board.BoardApplicationTests     : No active profile set, falling back to 1 default profile: "default"
2025-12-24 18:28:22.178  INFO 75516 --- [    Test worker] com.choe.board.BoardApplicationTests     : Started BoardApplicationTests in 1.064 seconds (JVM running for 1.619)
]]></system-out>
  <system-err><![CDATA[]]></system-err>
</testsuite>
